<?xml version='1.0' encoding='UTF-8'?>
<testsuite hostname="scpc" name="com.akka.actor.AkkaDbSpec" tests="1" errors="0" failures="0" skipped="0" time="0.068" timestamp="2020-10-20T22:21:55">
                     <properties>
      <property name="java.vendor" value="Oracle Corporation"/><property name="sun.java.launcher" value="SUN_STANDARD"/><property name="sun.management.compiler" value="HotSpot 64-Bit Tiered Compilers"/><property name="https.proxyHost" value="127.0.0.1"/><property name="jnidispatch.path" value="C:\Users\SHICHE~1\AppData\Local\Temp\jna-457290183\jna2260879105995942208.dll"/><property name="os.name" value="Windows 10"/><property name="sbt.global.base" value="C:/Users/shicheng_work_pc/.sbt"/><property name="sun.boot.class.path" value="C:\Program Files\Java\jdk1.8.0_181\jre\lib\resources.jar;C:\Program Files\Java\jdk1.8.0_181\jre\lib\rt.jar;C:\Program Files\Java\jdk1.8.0_181\jre\lib\sunrsasign.jar;C:\Program Files\Java\jdk1.8.0_181\jre\lib\jsse.jar;C:\Program Files\Java\jdk1.8.0_181\jre\lib\jce.jar;C:\Program Files\Java\jdk1.8.0_181\jre\lib\charsets.jar;C:\Program Files\Java\jdk1.8.0_181\jre\lib\jfr.jar;C:\Program Files\Java\jdk1.8.0_181\jre\classes"/><property name="sun.desktop" value="windows"/><property name="java.vm.specification.vendor" value="Oracle Corporation"/><property name="java.runtime.version" value="1.8.0_181-b13"/><property name="jna.loaded" value="true"/><property name="http.proxyPort" value="1081"/><property name="user.name" value="shicheng_work_pc"/><property name="sbt.ivy.home" value="C:/Users/shicheng_work_pc/.ivy2"/><property name="user.language" value="zh"/><property name="sun.boot.library.path" value="C:\Program Files\Java\jdk1.8.0_181\jre\bin"/><property name="jna.nosys" value="true"/><property name="idea.managed" value="true"/><property name="java.version" value="1.8.0_181"/><property name="user.timezone" value="Asia/Shanghai"/><property name="sun.arch.data.model" value="64"/><property name="jline.shutdownhook" value="false"/><property name="java.endorsed.dirs" value="C:\Program Files\Java\jdk1.8.0_181\jre\lib\endorsed"/><property name="sbt.insecureprotocol" value="true"/><property name="sun.cpu.isalist" value="amd64"/><property name="sun.jnu.encoding" value="GBK"/><property name="file.encoding.pkg" value="sun.io"/><property name="file.separator" value="\"/><property name="java.specification.name" value="Java Platform API Specification"/><property name="java.class.version" value="52.0"/><property name="user.country" value="CN"/><property name="java.home" value="C:\Program Files\Java\jdk1.8.0_181\jre"/><property name="java.vm.info" value="mixed mode"/><property name="os.version" value="10.0"/><property name="https.proxyPort" value="1081"/><property name="path.separator" value=";"/><property name="java.vm.version" value="25.181-b13"/><property name="user.variant" value=""/><property name="sbt.supershell" value="false"/><property name="java.awt.printerjob" value="sun.awt.windows.WPrinterJob"/><property name="sun.io.unicode.encoding" value="UnicodeLittle"/><property name="awt.toolkit" value="sun.awt.windows.WToolkit"/><property name="sun.stdout.encoding" value="ms936"/><property name="user.script" value=""/><property name="user.home" value="C:\Users\shicheng_work_pc"/><property name="java.specification.vendor" value="Oracle Corporation"/><property name="swoval.tmpdir" value="C:\Users\shicheng_work_pc\.sbt"/><property name="java.library.path" value="C:\Program Files\Java\jdk1.8.0_181\bin;C:\WINDOWS\Sun\Java\bin;C:\WINDOWS\system32;C:\WINDOWS;E:\xftp\;E:\xshell\;C:\Program Files (x86)\Common Files\Oracle\Java\javapath;C:\Program Files (x86)\Intel\iCLS Client\;C:\Program Files\Intel\iCLS Client\;C:\Windows\system32;C:\Windows;C:\Windows\System32\Wbem;C:\Windows\System32\WindowsPowerShell\v1.0\;C:\Program Files (x86)\Intel\Intel(R) Management Engine Components\DAL;C:\Program Files\Intel\Intel(R) Management Engine Components\DAL;C:\Program Files (x86)\Intel\Intel(R) Management Engine Components\IPT;C:\Program Files\Intel\Intel(R) Management Engine Components\IPT;C:\Program Files (x86)\NVIDIA Corporation\PhysX\Common;C:\Program Files\Java\jdk1.8.0_181\bin;C:\Program Files (x86)\apache-maven-3.3.9-bin\apache-maven-3.3.9\bin;C:\ProgramData\Anaconda3;F:\hadoop-2.6.4\bin;C:\WINDOWS\system32;C:\WINDOWS;C:\WINDOWS\System32\Wbem;C:\WINDOWS\System32\WindowsPowerShell\v1.0\;C:\WINDOWS\System32\OpenSSH\;C:\Program Files (x86)\thrift-0.9.3;E:\sbt\\bin;E:\Git\cmd;E:\go\bin;E:\sbt\bin;E:\scala\bin;E:\Anaconda;E:\Anaconda\Library\mingw-w64\bin;E:\Anaconda\Library\usr\bin;E:\Anaconda\Library\bin;E:\Anaconda\Scripts;C:\Users\shicheng_work_pc\AppData\Local\Microsoft\WindowsApps;C:\Users\shicheng_work_pc\go\bin;."/><property name="java.vendor.url" value="http://java.oracle.com/"/><property name="jline.esc.timeout" value="0"/><property name="java.vm.vendor" value="Oracle Corporation"/><property name="java.runtime.name" value="Java(TM) SE Runtime Environment"/><property name="sun.java.command" value="E:\sbt-1.4.0\sbt\bin\sbt-launch.jar early(addPluginSbtFile=&quot;&quot;&quot;C:\Users\shicheng_work_pc\AppData\Local\Temp\idea.sbt&quot;&quot;&quot;) ; set ideaPort in Global := 11125 ; idea-shell"/><property name="java.class.path" value="E:\sbt-1.4.0\sbt\bin\sbt-launch.jar"/><property name="sbt.repository.config" value="E:/sbt-1.4.0/sbt/conf/repo.txt"/><property name="jline.terminal" value="none"/><property name="java.vm.specification.name" value="Java Virtual Machine Specification"/><property name="java.vm.specification.version" value="1.8"/><property name="sun.cpu.endian" value="little"/><property name="sun.os.patch.level" value=""/><property name="java.io.tmpdir" value="C:\Users\SHICHE~1\AppData\Local\Temp\"/><property name="java.vendor.url.bug" value="http://bugreport.sun.com/bugreport/"/><property name="sbt.boot.directory" value="C:/Users/shicheng_work_pc/.sbt/boot"/><property name="http.proxyHost" value="127.0.0.1"/><property name="os.arch" value="amd64"/><property name="java.awt.graphicsenv" value="sun.awt.Win32GraphicsEnvironment"/><property name="java.ext.dirs" value="C:\Program Files\Java\jdk1.8.0_181\jre\lib\ext;C:\WINDOWS\Sun\Java\lib\ext"/><property name="user.dir" value="D:\akka-test"/><property name="line.separator" value="
"/><property name="java.vm.name" value="Java HotSpot(TM) 64-Bit Server VM"/><property name="sbt.log.noformat" value="true"/><property name="log4j.ignoreTCL" value="true"/><property name="sun.stderr.encoding" value="ms936"/><property name="file.encoding" value="UTF-8"/><property name="java.specification.version" value="1.8"/>
    </properties>
                     <testcase classname="com.akka.actor.AkkaDbSpec" name="when akkaDb is given  a request shoud save to key/value to the map val" time="0.068">
                                                 
                                               </testcase>
                     <system-out><![CDATA[]]></system-out>
                     <system-err><![CDATA[]]></system-err>
                   </testsuite>